  billet.cpp
  billetRegulier.cpp
  billetRegulierSolde.cpp
  coupon.cpp
  flightPass.cpp
  flightPassSolde.cpp
  gestionnaireCoupons.cpp
  gestionnaireMembres.cpp
  main.cpp
C:\Users\marca\Desktop\TP5\TP5\main.cpp(313,155): warning C4244:  'argument': conversion from 'double' to 'int', possible loss of data
C:\Users\marca\Desktop\TP5\TP5\main.cpp(316,147): warning C4244:  'argument': conversion from 'double' to 'int', possible loss of data
C:\Users\marca\Desktop\TP5\TP5\main.cpp(332,134): warning C4244:  'argument': conversion from 'double' to 'int', possible loss of data
C:\Users\marca\Desktop\TP5\TP5\main.cpp(334,126): warning C4244:  'argument': conversion from 'double' to 'int', possible loss of data
C:\Users\marca\Desktop\TP5\TP5\main.cpp(348,134): warning C4244:  'argument': conversion from 'double' to 'int', possible loss of data
C:\Users\marca\Desktop\TP5\TP5\main.cpp(352,155): warning C4244:  'argument': conversion from 'double' to 'int', possible loss of data
C:\Users\marca\Desktop\TP5\TP5\main.cpp(370,158): warning C4244:  'argument': conversion from 'double' to 'int', possible loss of data
C:\Users\marca\Desktop\TP5\TP5\main.cpp(377,141): warning C4244:  'argument': conversion from 'double' to 'int', possible loss of data
  membre.cpp
  membrePremium.cpp
C:\Users\marca\Desktop\TP5\TP5\main.cpp(387,141): warning C4244:  'argument': conversion from 'double' to 'int', possible loss of data
C:\Users\marca\Desktop\TP5\TP5\membrePremium.cpp(37,38): warning C4244:  'argument': conversion from 'double' to 'unsigned int', possible loss of data
  membreRegulier.cpp
C:\Users\marca\Desktop\TP5\TP5\membrePremium.cpp(59,18): warning C4244:  'argument': conversion from 'double' to 'int', possible loss of data
  solde.cpp
  Generating Code...
C:\Users\marca\Desktop\TP5\TP5\membreRegulier.cpp(28,31): warning C4244:  'argument': conversion from 'double' to 'int', possible loss of data
C:\Users\marca\Desktop\TP5\TP5\foncteur.h(32): warning C4715:  'AjouterCoupon::operator()': not all control paths return a value
  TP5.vcxproj -> C:\Users\marca\Desktop\TP5\Debug\TP5.exe
